alias.conf
alias.load
auth_basic.load
authn_file.load
authz_default.load
authz_groupfile.load
authz_host.load
authz_user.load
autoindex.conf
autoindex.load
cgid.conf
cgid.load
cgi.load
deflate.conf
deflate.load
dir.conf
dir.load
env.load
headers.load
mime.conf
mime.load
negotiation.conf
negotiation.load
php5.conf
php5.load
proxy_ajp.load
proxy_balancer.conf
proxy_balancer.load
proxy.conf
proxy_connect.load
proxy_ftp.conf
proxy_ftp.load
proxy_http.load
proxy.load
proxy_scgi.load
reqtimeout.conf
reqtimeout.load
rewrite.load
setenvif.conf
setenvif.load
ssl.conf
ssl.load
status.conf
status.load
